<testsuites id="" name="" tests="1" failures="0" skipped="0" errors="0" time="10.867486999999999">
<testsuite name="chapter5\1_RunEnv.spec.ts" timestamp="2025-12-29T06:46:11.360Z" hostname="chromium" tests="1" failures="0" skipped="0" time="8.571" errors="0">
<testcase name="textcontent" classname="chapter5\1_RunEnv.spec.ts" time="8.571">
<system-out>
<![CDATA[Aditya Garg
Aditya Garg
p-name vcard-fullname d-block overflow-hidden

[[ATTACHMENT|test-results\chapter5-1_RunEnv-textcontent-chromium\test-finished-1.png]]

[[ATTACHMENT|test-results\chapter5-1_RunEnv-textcontent-chromium\video.webm]]

[[ATTACHMENT|test-results\chapter5-1_RunEnv-textcontent-chromium\trace.zip]]
]]>
</system-out>
</testcase>
</testsuite>
</testsuites>