<testsuites id="" name="" tests="2" failures="0" skipped="0" errors="0" time="33.005410000000005">
<testsuite name="chapter5\3_DataCsv.spec.ts" timestamp="2025-12-29T10:13:49.189Z" hostname="chromium" tests="2" failures="0" skipped="0" time="29.914" errors="0">
<testcase name="test with testuser1" classname="chapter5\3_DataCsv.spec.ts" time="17.808">
<system-out>
<![CDATA[
[[ATTACHMENT|test-results\chapter5-3_DataCsv-test-with-testuser1-chromium\test-finished-1.png]]

[[ATTACHMENT|test-results\chapter5-3_DataCsv-test-with-testuser1-chromium\video.webm]]

[[ATTACHMENT|test-results\chapter5-3_DataCsv-test-with-testuser1-chromium\trace.zip]]
]]>
</system-out>
</testcase>
<testcase name="test with testuser2" classname="chapter5\3_DataCsv.spec.ts" time="12.106">
<system-out>
<![CDATA[
[[ATTACHMENT|test-results\chapter5-3_DataCsv-test-with-testuser2-chromium\test-finished-1.png]]

[[ATTACHMENT|test-results\chapter5-3_DataCsv-test-with-testuser2-chromium\video.webm]]

[[ATTACHMENT|test-results\chapter5-3_DataCsv-test-with-testuser2-chromium\trace.zip]]
]]>
</system-out>
</testcase>
</testsuite>
</testsuites>